<?xml version="1.0" encoding="UTF-8"?>
<!-- Generated by org.testng.reporters.JUnitReportReporter -->
<testsuite skipped="0" hostname="ASEN-L-Rahul" name="com.test.LoginTest" tests="2" failures="0" timestamp="13 Sep 2018 16:57:37 GMT" time="0.100" errors="0">
  <testcase name="vefirylogo" time="0.079" classname="com.test.LoginTest"/>
  <testcase name="verifytitle" time="0.021" classname="com.test.LoginTest"/>
</testsuite> <!-- com.test.LoginTest -->
