<?xml version="1.0" encoding="UTF-8"?>
<!-- Generated by org.testng.reporters.JUnitReportReporter -->
<testsuite hostname="ASEN-D-AD023" name="ExcelReading.ExcelTest" tests="1" failures="0" timestamp="6 Feb 2017 17:34:29 GMT" time="0.567" errors="0">
  <testcase name="readexcel" time="0.567" classname="ExcelReading.ExcelTest"/>
</testsuite> <!-- ExcelReading.ExcelTest -->
