<?xml version="1.0" encoding="UTF-8"?>
<!-- Generated by org.testng.reporters.JUnitReportReporter -->
<testsuite name="firsttestngpackage.CallURL" tests="1" time="6.894" ignored="0" failures="0" timestamp="18 Jan 2017 19:22:13 GMT" skipped="0" hostname="ASEN-D-AD023" errors="0">
  <testcase name="Callfile" time="6.894" classname="firsttestngpackage.CallURL"/>
</testsuite> <!-- firsttestngpackage.CallURL -->
