<?xml version="1.0" encoding="UTF-8"?>
<!-- Generated by org.testng.reporters.JUnitReportReporter -->
<testsuite name="firsttestngpackage.TestScenario_3_TestCase_2" tests="6" time="7.113" ignored="0" failures="0" timestamp="10 Jan 2017 22:27:43 GMT" skipped="0" hostname="ASEN-D-AD023" errors="0">
  <testcase name="addressdetails" time="1.107" classname="firsttestngpackage.TestScenario_3_TestCase_2"/>
  <testcase name="hobbis" time="0.905" classname="firsttestngpackage.TestScenario_3_TestCase_2"/>
  <testcase name="registraion" time="1.421" classname="firsttestngpackage.TestScenario_3_TestCase_2"/>
  <testcase name="verifymessage" time="0.542" classname="firsttestngpackage.TestScenario_3_TestCase_2"/>
  <testcase name="openpage" time="1.372" classname="firsttestngpackage.TestScenario_3_TestCase_2"/>
  <testcase name="basicdetails" time="1.766" classname="firsttestngpackage.TestScenario_3_TestCase_2"/>
</testsuite> <!-- firsttestngpackage.TestScenario_3_TestCase_2 -->
