<?xml version="1.0" encoding="UTF-8"?>
<!-- Generated by org.testng.reporters.JUnitReportReporter -->
<testsuite name="firsttestngpackage.IE" tests="1" time="46.199" ignored="0" failures="0" timestamp="02 May 2017 16:56:04 GMT" skipped="0" hostname="ASEN-D-AD023" errors="0">
  <testcase name="IEAddtionalStories" time="46.199" classname="firsttestngpackage.IE"/>
</testsuite> <!-- firsttestngpackage.IE -->
