<?xml version="1.0" encoding="UTF-8"?>
<!-- Generated by org.testng.reporters.JUnitReportReporter -->
<testsuite name="firsttestngpackage.Multibrowser" tests="3" time="19.615" ignored="0" failures="0" timestamp="02 May 2017 10:12:01 GMT" skipped="0" hostname="ASEN-D-AD023" errors="0">
  <testcase name="firefox" time="9.831" classname="firsttestngpackage.Multibrowser"/>
  <testcase name="openpage" time="7.424" classname="firsttestngpackage.Multibrowser"/>
  <testcase name="ie" time="2.360" classname="firsttestngpackage.Multibrowser"/>
</testsuite> <!-- firsttestngpackage.Multibrowser -->
