<?xml version="1.0" encoding="UTF-8"?>
<!-- Generated by org.testng.reporters.JUnitReportReporter -->
<testsuite name="firsttestngpackage.FirstTestNG" tests="3" time="1.461" ignored="0" failures="0" timestamp="29 Dec 2016 20:02:14 GMT" skipped="0" hostname="ASEN-D-AD023" errors="0">
  <testcase name="c" time="0.097" classname="firsttestngpackage.FirstTestNG"/>
  <testcase name="d" time="1.336" classname="firsttestngpackage.FirstTestNG"/>
  <testcase name="e" time="0.028" classname="firsttestngpackage.FirstTestNG"/>
</testsuite> <!-- firsttestngpackage.FirstTestNG -->
