<?xml version="1.0" encoding="UTF-8"?>
<!-- Generated by org.testng.reporters.JUnitReportReporter -->
<testsuite name="firsttestngpackage.VerifyMethods" tests="4" time="5.585" ignored="0" failures="0" timestamp="29 Dec 2016 22:38:38 GMT" skipped="0" hostname="ASEN-D-AD023" errors="0">
  <testcase name="Backhome" time="1.067" classname="firsttestngpackage.VerifyMethods"/>
  <testcase name="Register" time="3.346" classname="firsttestngpackage.VerifyMethods"/>
  <testcase name="Quit" time="0.042" classname="firsttestngpackage.VerifyMethods"/>
  <testcase name="Support" time="1.130" classname="firsttestngpackage.VerifyMethods"/>
</testsuite> <!-- firsttestngpackage.VerifyMethods -->
