<?xml version="1.0" encoding="UTF-8"?>
<!-- Generated by org.testng.reporters.JUnitReportReporter -->
<testsuite name="firsttestngpackage.NewTest" tests="2" time="22.296" ignored="0" failures="0" timestamp="02 May 2017 13:11:03 GMT" skipped="0" hostname="ASEN-D-AD023" errors="0">
  <testcase name="LoginFirefox" time="13.329" classname="firsttestngpackage.NewTest"/>
  <testcase name="LoingChrome" time="8.967" classname="firsttestngpackage.NewTest"/>
</testsuite> <!-- firsttestngpackage.NewTest -->
