<?xml version="1.0" encoding="UTF-8"?>
<!-- Generated by org.testng.reporters.JUnitReportReporter -->
<testsuite name="firsttestngpackage.SimpleTestNGClass" tests="9" time="0.026" ignored="0" failures="0" timestamp="11 Jan 2017 17:52:06 GMT" skipped="0" hostname="ASEN-D-AD023" errors="0">
  <testcase name="afterMethod" time="0.001" classname="firsttestngpackage.SimpleTestNGClass"/>
  <testcase name="beforeTest" time="0.001" classname="firsttestngpackage.SimpleTestNGClass"/>
  <testcase name="LoginTest" time="0.001" classname="firsttestngpackage.SimpleTestNGClass"/>
  <testcase name="beforeMethod" time="0.002" classname="firsttestngpackage.SimpleTestNGClass"/>
  <testcase name="beforeClass" time="0.006" classname="firsttestngpackage.SimpleTestNGClass"/>
  <testcase name="afterSuite" time="0.010" classname="firsttestngpackage.SimpleTestNGClass"/>
  <testcase name="afterClass" time="0.002" classname="firsttestngpackage.SimpleTestNGClass"/>
  <testcase name="beforeSuite" time="0.002" classname="firsttestngpackage.SimpleTestNGClass"/>
  <testcase name="afterTest" time="0.001" classname="firsttestngpackage.SimpleTestNGClass"/>
</testsuite> <!-- firsttestngpackage.SimpleTestNGClass -->
