<?xml version="1.0" encoding="UTF-8"?>
<!-- Generated by org.testng.reporters.JUnitReportReporter -->
<testsuite skipped="0" hostname="ASEN-L-Rahul" name="com.qa.testpackage.DemoTest" tests="4" failures="0" timestamp="12 Sep 2018 05:23:53 GMT" time="0.021" errors="0">
  <testcase name="Multiplication" time="0.011" classname="com.qa.testpackage.DemoTest"/>
  <testcase name="sub" time="0.002" classname="com.qa.testpackage.DemoTest"/>
  <testcase name="div" time="0.004" classname="com.qa.testpackage.DemoTest"/>
  <testcase name="sum" time="0.004" classname="com.qa.testpackage.DemoTest"/>
</testsuite> <!-- com.qa.testpackage.DemoTest -->
