<?xml version="1.0" encoding="UTF-8"?>
<!-- Generated by org.testng.reporters.JUnitReportReporter -->
<testsuite skipped="0" hostname="ASEN-L-Rahul" name="SeleniumBasics.FrameHandling" tests="1" failures="0" timestamp="30 Oct 2018 04:55:09 GMT" time="27.915" errors="0">
  <testcase name="frames" time="27.915" classname="SeleniumBasics.FrameHandling"/>
</testsuite> <!-- SeleniumBasics.FrameHandling -->
