<?xml version="1.0" encoding="UTF-8"?>
<!-- Generated by org.testng.reporters.JUnitReportReporter -->
<testsuite skipped="0" hostname="ASEN-L-Rahul" name="SeleniumBasics.LoginCRM" tests="1" failures="0" timestamp="04 Sep 2018 04:33:01 GMT" time="23.423" errors="0">
  <testcase name="verifylogo" time="23.423" classname="SeleniumBasics.LoginCRM"/>
</testsuite> <!-- SeleniumBasics.LoginCRM -->
