<?xml version="1.0" encoding="UTF-8"?>
<!-- Generated by org.testng.reporters.JUnitReportReporter -->
<testsuite skipped="0" hostname="ASEN-L-Rahul" name="SeleniumBasics.TestNGF" tests="8" failures="0" timestamp="30 Aug 2018 10:16:21 GMT" time="0.026" errors="0">
  <testcase name="LoginTest" time="0.004" classname="SeleniumBasics.TestNGF"/>
  <testcase name="Enquiry" time="0.001" classname="SeleniumBasics.TestNGF"/>
  <testcase name="HomePage" time="0.004" classname="SeleniumBasics.TestNGF"/>
  <testcase name="LoginTest" time="0.009" classname="SeleniumBasics.TestNGF"/>
  <testcase name="LoginTest" time="0.002" classname="SeleniumBasics.TestNGF"/>
  <testcase name="HomePage" time="0.003" classname="SeleniumBasics.TestNGF"/>
  <testcase name="HomePage" time="0.001" classname="SeleniumBasics.TestNGF"/>
  <testcase name="LoginTest" time="0.002" classname="SeleniumBasics.TestNGF"/>
</testsuite> <!-- SeleniumBasics.TestNGF -->
