<?xml version="1.0" encoding="UTF-8"?>
<!-- Generated by org.testng.reporters.JUnitReportReporter -->
<testsuite name="pkg_ACAMS_LegsandRegs.LLPrintArticle" tests="3" time="29.676" ignored="0" failures="0" timestamp="08 May 2017 13:44:13 GMT" skipped="0" hostname="ASEN-D-AD023" errors="0">
  <testcase name="IELLPrintButton" time="9.750" classname="pkg_ACAMS_LegsandRegs.LLPrintArticle"/>
  <testcase name="FFLLPrintButton" time="9.201" classname="pkg_ACAMS_LegsandRegs.LLPrintArticle"/>
  <testcase name="CHLLPrintButton" time="10.725" classname="pkg_ACAMS_LegsandRegs.LLPrintArticle"/>
</testsuite> <!-- pkg_ACAMS_LegsandRegs.LLPrintArticle -->
