<?xml version="1.0" encoding="UTF-8"?>
<!-- Generated by org.testng.reporters.JUnitReportReporter -->
<testsuite name="pkg_ACAMS.NewsTopStory" tests="3" time="20.655" ignored="0" failures="0" timestamp="04 May 2017 16:27:16 GMT" skipped="0" hostname="ASEN-D-AD023" errors="0">
  <testcase name="IENewsTopStory" time="7.409" classname="pkg_ACAMS.NewsTopStory"/>
  <testcase name="ChromeNewsTopStory" time="9.993" classname="pkg_ACAMS.NewsTopStory"/>
  <testcase name="FFNewsTopStory" time="3.253" classname="pkg_ACAMS.NewsTopStory"/>
</testsuite> <!-- pkg_ACAMS.NewsTopStory -->
