<?xml version="1.0" encoding="UTF-8"?>
<!-- Generated by org.testng.reporters.JUnitReportReporter -->
<testsuite name="pkg_ACAMS.EnActionsHomePagelink" tests="3" time="73.385" ignored="0" failures="0" timestamp="04 May 2017 12:57:11 GMT" skipped="0" hostname="ASEN-D-AD023" errors="0">
  <testcase name="ChromeEn" time="22.471" classname="pkg_ACAMS.EnActionsHomePagelink"/>
  <testcase name="testEnforcementActionsHomePageLinks" time="23.615" classname="pkg_ACAMS.EnActionsHomePagelink"/>
  <testcase name="IEEn" time="27.299" classname="pkg_ACAMS.EnActionsHomePagelink"/>
</testsuite> <!-- pkg_ACAMS.EnActionsHomePagelink -->
