<?xml version="1.0" encoding="UTF-8"?>
<!-- Generated by org.testng.reporters.JUnitReportReporter -->
<testsuite name="pkg_ACAMS_LegsandRegs.LRViewOrigionalDocLink" tests="3" time="41.297" ignored="0" failures="0" timestamp="08 May 2017 14:10:44 GMT" skipped="0" hostname="ASEN-D-AD023" errors="0">
  <testcase name="FFLLPrint" time="12.929" classname="pkg_ACAMS_LegsandRegs.LRViewOrigionalDocLink"/>
  <testcase name="ChmLLPrint" time="14.230" classname="pkg_ACAMS_LegsandRegs.LRViewOrigionalDocLink"/>
  <testcase name="IELLPrint" time="14.138" classname="pkg_ACAMS_LegsandRegs.LRViewOrigionalDocLink"/>
</testsuite> <!-- pkg_ACAMS_LegsandRegs.LRViewOrigionalDocLink -->
