<?xml version="1.0" encoding="UTF-8"?>
<!-- Generated by org.testng.reporters.JUnitReportReporter -->
<testsuite name="pkg_ACAMS.LegsRegsHomePageLinks" tests="3" time="67.141" ignored="0" failures="0" timestamp="04 May 2017 16:21:22 GMT" skipped="0" hostname="ASEN-D-AD023" errors="0">
  <testcase name="ChromeLegsRegsHomePageLinks" time="20.204" classname="pkg_ACAMS.LegsRegsHomePageLinks"/>
  <testcase name="FirefoxLegsRegsHomePageLinks" time="22.124" classname="pkg_ACAMS.LegsRegsHomePageLinks"/>
  <testcase name="IELegsRegsHomePageLinks" time="24.813" classname="pkg_ACAMS.LegsRegsHomePageLinks"/>
</testsuite> <!-- pkg_ACAMS.LegsRegsHomePageLinks -->
