<?xml version="1.0" encoding="UTF-8"?>
<!-- Generated by org.testng.reporters.JUnitReportReporter -->
<testsuite name="pkg_ACAMS_LegsandRegs.LegAndRegsOpenArticle" tests="3" time="31.410" ignored="0" failures="0" timestamp="08 May 2017 11:58:48 GMT" skipped="0" hostname="ASEN-D-AD023" errors="0">
  <testcase name="IELROpenFirstArticleUsingLink" time="11.924" classname="pkg_ACAMS_LegsandRegs.LegAndRegsOpenArticle"/>
  <testcase name="FFLROpenFirstArticleUsingLink" time="7.870" classname="pkg_ACAMS_LegsandRegs.LegAndRegsOpenArticle"/>
  <testcase name="CHLROpenFirstArticleUsingLink" time="11.616" classname="pkg_ACAMS_LegsandRegs.LegAndRegsOpenArticle"/>
</testsuite> <!-- pkg_ACAMS_LegsandRegs.LegAndRegsOpenArticle -->
