<?xml version="1.0" encoding="UTF-8"?>
<!-- Generated by org.testng.reporters.JUnitReportReporter -->
<testsuite skipped="0" hostname="ASEN-L-Rahul" name="com.wordpress.testcases.WP_DashboardTestCase" tests="3" failures="0" timestamp="06 Jan 2019 09:02:24 GMT" time="54.256" errors="0">
  <testcase name="verifytitle" time="13.443" classname="com.wordpress.testcases.WP_DashboardTestCase"/>
  <testcase name="verifyUsername" time="13.895" classname="com.wordpress.testcases.WP_DashboardTestCase"/>
  <testcase name="AllPostpage" time="26.918" classname="com.wordpress.testcases.WP_DashboardTestCase"/>
</testsuite> <!-- com.wordpress.testcases.WP_DashboardTestCase -->
