<?xml version="1.0" encoding="UTF-8"?>
<!-- Generated by org.testng.reporters.JUnitReportReporter -->
<testsuite skipped="0" hostname="ASEN-L-Rahul" name="com.com.com.com.com.com.com.com.datadrivantest.Loginheymarket" tests="1" failures="0" timestamp="20 Jul 2018 15:12:22 GMT" time="20.651" errors="0">
  <testcase name="f" time="20.651" classname="com.com.com.com.com.com.com.com.datadrivantest.Loginheymarket"/>
</testsuite> <!-- com.com.com.com.com.com.com.com.datadrivantest.Loginheymarket -->
