<?xml version="1.0" encoding="UTF-8"?>
<!-- Generated by org.testng.reporters.JUnitReportReporter -->
<testsuite skipped="0" hostname="ASEN-L-Rahul" name="com.com.com.com.datadrivantest.Verifyannotation" tests="1" failures="0" timestamp="17 Jul 2018 14:07:53 GMT" time="0.006" errors="0">
  <testcase name="main" time="0.006" classname="com.com.com.com.datadrivantest.Verifyannotation"/>
</testsuite> <!-- com.com.com.com.datadrivantest.Verifyannotation -->
