<?xml version="1.0" encoding="UTF-8"?>
<!-- Generated by org.testng.reporters.JUnitReportReporter -->
<testsuite skipped="0" hostname="ASEN-L-Rahul" name="com.com.datadrivantest.Verifymsg" tests="1" failures="0" timestamp="10 Jul 2018 14:26:15 GMT" time="6.697" errors="0">
  <testcase name="Verifymsg" time="6.697" classname="com.com.datadrivantest.Verifymsg"/>
</testsuite> <!-- com.com.datadrivantest.Verifymsg -->
