<?xml version="1.0" encoding="UTF-8"?>
<!-- Generated by org.testng.reporters.JUnitReportReporter -->
<testsuite skipped="0" hostname="ASEN-L-Rahul" name="com.com.testng.firstTestNG" tests="2" failures="0" timestamp="08 Jul 2018 14:25:47 GMT" time="12.265" errors="0">
  <testcase name="verifytitle" time="6.399" classname="com.com.testng.firstTestNG"/>
  <testcase name="searchverify" time="5.866" classname="com.com.testng.firstTestNG"/>
</testsuite> <!-- com.com.testng.firstTestNG -->
