<?xml version="1.0" encoding="UTF-8"?>
<!-- Generated by org.testng.reporters.JUnitReportReporter -->
<testsuite skipped="0" hostname="ASEN-L-Rahul" name="com.TestCase.GmailLogin" tests="1" failures="0" timestamp="20 Nov 2018 05:03:43 GMT" time="19.971" errors="0">
  <testcase name="Login" time="19.971" classname="com.TestCase.GmailLogin"/>
</testsuite> <!-- com.TestCase.GmailLogin -->
