<?xml version="1.0" encoding="UTF-8"?>
<!-- Generated by org.testng.reporters.JUnitReportReporter -->
<testsuite skipped="0" hostname="ASEN-L-Rahul" name="com.TestCase.LoginTestCase" tests="1" failures="0" timestamp="31 Oct 2018 05:35:26 GMT" time="31.933" errors="0">
  <testcase name="verifyvalidlogin" time="31.933" classname="com.TestCase.LoginTestCase"/>
</testsuite> <!-- com.TestCase.LoginTestCase -->
