<?xml version="1.0" encoding="UTF-8"?>
<!-- Generated by org.testng.reporters.JUnitReportReporter -->
<testsuite hostname="ASEN-L-Rahul" name="openbrs.CEN_Analytics" tests="1" failures="0" timestamp="8 Apr 2018 12:19:10 GMT" time="9.090" errors="0">
  <testcase name="TPChrome" time="9.090" classname="openbrs.CEN_Analytics"/>
</testsuite> <!-- openbrs.CEN_Analytics -->
