<?xml version="1.0" encoding="UTF-8"?>
<!-- Generated by org.testng.reporters.JUnitReportReporter -->
<testsuite hostname="ASEN-L-Rahul" name="openbrs.Test1" tests="3" failures="0" timestamp="20 Mar 2018 09:10:22 GMT" time="96.100" errors="0">
  <testcase name="testa" time="59.123" classname="openbrs.Test1"/>
  <testcase name="testb" time="18.527" classname="openbrs.Test1"/>
  <testcase name="testc" time="18.450" classname="openbrs.Test1"/>
</testsuite> <!-- openbrs.Test1 -->
