<?xml version="1.0" encoding="UTF-8"?>
<!-- Generated by org.testng.reporters.JUnitReportReporter -->
<testsuite skipped="0" hostname="ASEN-L-Rahul" name="com.QED42Assesment.Assement1" tests="2" failures="0" timestamp="02 Jan 2019 06:19:35 GMT" time="35.641" errors="0">
  <testcase name="SelectOrangeDress" time="17.151" classname="com.QED42Assesment.Assement1"/>
  <testcase name="SelectPolyster" time="18.490" classname="com.QED42Assesment.Assement1"/>
</testsuite> <!-- com.QED42Assesment.Assement1 -->
