<?xml version="1.0" encoding="UTF-8"?>
<!-- Generated by org.testng.reporters.JUnitReportReporter -->
<testsuite hostname="ASEN-D-AD023" name="DoctorUnite.OpenNewsArticle" tests="3" failures="0" timestamp="22 Aug 2017 13:01:33 GMT" time="254.188" errors="0">
  <testcase name="FirefoxOpenNewsPost" time="52.532" classname="DoctorUnite.OpenNewsArticle"/>
  <testcase name="IEOpenNewsPost" time="157.959" classname="DoctorUnite.OpenNewsArticle"/>
  <testcase name="ChromeOpenNewsPost" time="43.697" classname="DoctorUnite.OpenNewsArticle"/>
</testsuite> <!-- DoctorUnite.OpenNewsArticle -->
