<?xml version="1.0" encoding="UTF-8"?>
<!-- Generated by org.testng.reporters.JUnitReportReporter -->
<testsuite hostname="ASEN-D-AD023" name="DoctorUnite.LikePost" tests="3" failures="0" timestamp="22 Aug 2017 13:01:33 GMT" time="225.323" errors="0">
  <testcase name="Firefoxfollow" time="48.769" classname="DoctorUnite.LikePost"/>
  <testcase name="ChromeLogin" time="35.247" classname="DoctorUnite.LikePost"/>
  <testcase name="IEfollow" time="141.307" classname="DoctorUnite.LikePost"/>
</testsuite> <!-- DoctorUnite.LikePost -->
