<?xml version="1.0" encoding="UTF-8"?>
<!-- Generated by org.testng.reporters.JUnitReportReporter -->
<testsuite hostname="ASEN-D-AD023" name="Groups.Login" tests="1" failures="0" timestamp="24 Jul 2017 16:42:12 GMT" time="8.100" errors="0">
  <testcase name="testUntitled2" time="8.100" classname="Groups.Login"/>
</testsuite> <!-- Groups.Login -->
