<?xml version="1.0" encoding="UTF-8"?>
<!-- Generated by org.testng.reporters.JUnitReportReporter -->
<testsuite hostname="ASEN-D-AD023" name="DoctorUnite.FollowPost" tests="3" failures="0" timestamp="22 Aug 2017 13:01:33 GMT" time="227.114" errors="0">
  <testcase name="ChromeLogin" time="47.559" classname="DoctorUnite.FollowPost"/>
  <testcase name="Firefoxfollow" time="40.989" classname="DoctorUnite.FollowPost"/>
  <testcase name="IEfollow" time="138.566" classname="DoctorUnite.FollowPost"/>
</testsuite> <!-- DoctorUnite.FollowPost -->
