<?xml version="1.0" encoding="UTF-8"?>
<!-- Generated by org.testng.reporters.JUnitReportReporter -->
<testsuite hostname="ASEN-D-AD023" name="DoctorUnite.SharePost" tests="3" failures="0" timestamp="22 Aug 2017 13:01:33 GMT" time="260.271" errors="0">
  <testcase name="IEfollow" time="150.623" classname="DoctorUnite.SharePost"/>
  <testcase name="Firefoxfollow" time="46.840" classname="DoctorUnite.SharePost"/>
  <testcase name="ChromeLogin" time="62.808" classname="DoctorUnite.SharePost"/>
</testsuite> <!-- DoctorUnite.SharePost -->
